<?xml version="1.0" encoding="UTF-8"?>
<coverage generated="1784372635092" clover="3.2.0">
  <project timestamp="1784372635092" name="All files">
    <metrics statements="91" coveredstatements="83" conditionals="53" coveredconditionals="42" methods="45" coveredmethods="37" elements="189" coveredelements="162" complexity="0" loc="91" ncloc="91" packages="4" files="11" classes="11"/>
    <package name="components">
      <metrics statements="47" coveredstatements="45" conditionals="32" coveredconditionals="26" methods="19" coveredmethods="17"/>
      <file name="AddInternForm.tsx" path="C:\Users\dhars\OneDrive\Desktop\training assessment\react\session4\src\components\AddInternForm.tsx">
        <metrics statements="21" coveredstatements="21" conditionals="10" coveredconditionals="9" methods="5" coveredmethods="5"/>
        <line num="9" count="49" type="stmt"/>
        <line num="10" count="49" type="stmt"/>
        <line num="11" count="49" type="stmt"/>
        <line num="14" count="5" type="cond" truecount="2" falsecount="0"/>
        <line num="15" count="3" type="stmt"/>
        <line num="16" count="3" type="stmt"/>
        <line num="19" count="2" type="cond" truecount="4" falsecount="0"/>
        <line num="20" count="1" type="stmt"/>
        <line num="21" count="1" type="stmt"/>
        <line num="24" count="1" type="stmt"/>
        <line num="26" count="1" type="stmt"/>
        <line num="31" count="1" type="stmt"/>
        <line num="32" count="1" type="stmt"/>
        <line num="36" count="1" type="stmt"/>
        <line num="37" count="1" type="stmt"/>
        <line num="38" count="1" type="stmt"/>
        <line num="42" count="25" type="stmt"/>
        <line num="44" count="25" type="cond" truecount="1" falsecount="1"/>
        <line num="45" count="25" type="stmt"/>
        <line num="50" count="10" type="stmt"/>
        <line num="53" count="49" type="stmt"/>
      </file>
      <file name="InternListWithCallback.tsx" path="C:\Users\dhars\OneDrive\Desktop\training assessment\react\session4\src\components\InternListWithCallback.tsx">
        <metrics statements="9" coveredstatements="7" conditionals="4" coveredconditionals="2" methods="5" coveredmethods="3"/>
        <line num="13" count="6" type="stmt"/>
        <line num="15" count="6" type="stmt"/>
        <line num="17" count="6" type="stmt"/>
        <line num="30" count="0" type="stmt"/>
        <line num="36" count="2" type="stmt"/>
        <line num="38" count="2" type="stmt"/>
        <line num="40" count="0" type="stmt"/>
        <line num="45" count="2" type="stmt"/>
        <line num="48" count="6" type="stmt"/>
      </file>
      <file name="InternRow.tsx" path="C:\Users\dhars\OneDrive\Desktop\training assessment\react\session4\src\components\InternRow.tsx">
        <metrics statements="2" coveredstatements="2" conditionals="0" coveredconditionals="0" methods="2" coveredmethods="2"/>
        <line num="9" count="3" type="stmt"/>
        <line num="26" count="1" type="stmt"/>
      </file>
      <file name="Navbar.tsx" path="C:\Users\dhars\OneDrive\Desktop\training assessment\react\session4\src\components\Navbar.tsx">
        <metrics statements="2" coveredstatements="2" conditionals="6" coveredconditionals="6" methods="1" coveredmethods="1"/>
        <line num="4" count="5" type="stmt"/>
        <line num="6" count="5" type="stmt"/>
      </file>
      <file name="ScoreStats.tsx" path="C:\Users\dhars\OneDrive\Desktop\training assessment\react\session4\src\components\ScoreStats.tsx">
        <metrics statements="11" coveredstatements="11" conditionals="2" coveredconditionals="2" methods="5" coveredmethods="5"/>
        <line num="10" count="8" type="stmt"/>
        <line num="11" count="8" type="stmt"/>
        <line num="13" count="8" type="stmt"/>
        <line num="14" count="4" type="stmt"/>
        <line num="15" count="4" type="stmt"/>
        <line num="20" count="4" type="stmt"/>
        <line num="23" count="4" type="stmt"/>
        <line num="26" count="8" type="cond" truecount="2" falsecount="0"/>
        <line num="27" count="4" type="stmt"/>
        <line num="30" count="4" type="stmt"/>
        <line num="35" count="8" type="stmt"/>
      </file>
      <file name="ThemedCard.tsx" path="C:\Users\dhars\OneDrive\Desktop\training assessment\react\session4\src\components\ThemedCard.tsx">
        <metrics statements="2" coveredstatements="2" conditionals="10" coveredconditionals="7" methods="1" coveredmethods="1"/>
        <line num="9" count="14" type="stmt"/>
        <line num="11" count="14" type="stmt"/>
      </file>
    </package>
    <package name="contexts">
      <metrics statements="21" coveredstatements="15" conditionals="6" coveredconditionals="2" methods="13" coveredmethods="7"/>
      <file name="intern-context.tsx" path="C:\Users\dhars\OneDrive\Desktop\training assessment\react\session4\src\contexts\intern-context.tsx">
        <metrics statements="14" coveredstatements="8" conditionals="2" coveredconditionals="0" methods="9" coveredmethods="3"/>
        <line num="24" count="8" type="stmt"/>
        <line num="27" count="36" type="stmt"/>
        <line num="28" count="36" type="stmt"/>
        <line num="30" count="36" type="stmt"/>
        <line num="31" count="35" type="stmt"/>
        <line num="32" count="7" type="stmt"/>
        <line num="39" count="7" type="stmt"/>
        <line num="44" count="0" type="stmt"/>
        <line num="48" count="0" type="stmt"/>
        <line num="51" count="36" type="stmt"/>
        <line num="61" count="0" type="stmt"/>
        <line num="63" count="0" type="cond" truecount="0" falsecount="2"/>
        <line num="64" count="0" type="stmt"/>
        <line num="67" count="0" type="stmt"/>
      </file>
      <file name="theme-context.tsx" path="C:\Users\dhars\OneDrive\Desktop\training assessment\react\session4\src\contexts\theme-context.tsx">
        <metrics statements="7" coveredstatements="7" conditionals="4" coveredconditionals="2" methods="4" coveredmethods="4"/>
        <line num="13" count="8" type="stmt"/>
        <line num="16" count="37" type="stmt"/>
        <line num="19" count="1" type="cond" truecount="1" falsecount="1"/>
        <line num="22" count="37" type="stmt"/>
        <line num="30" count="25" type="stmt"/>
        <line num="35" count="25" type="cond" truecount="1" falsecount="1"/>
        <line num="37" count="25" type="stmt"/>
      </file>
    </package>
    <package name="hooks">
      <metrics statements="21" coveredstatements="21" conditionals="15" coveredconditionals="14" methods="11" coveredmethods="11"/>
      <file name="useCounter.ts" path="C:\Users\dhars\OneDrive\Desktop\training assessment\react\session4\src\hooks\useCounter.ts">
        <metrics statements="5" coveredstatements="5" conditionals="5" coveredconditionals="5" methods="6" coveredmethods="6"/>
        <line num="23" count="8" type="stmt"/>
        <line num="26" count="3" type="stmt"/>
        <line num="30" count="1" type="stmt"/>
        <line num="34" count="1" type="stmt"/>
        <line num="37" count="8" type="stmt"/>
      </file>
      <file name="useInternForm.ts" path="C:\Users\dhars\OneDrive\Desktop\training assessment\react\session4\src\hooks\useInternForm.ts">
        <metrics statements="16" coveredstatements="16" conditionals="10" coveredconditionals="9" methods="5" coveredmethods="5"/>
        <line num="20" count="1" type="stmt"/>
        <line num="28" count="23" type="stmt"/>
        <line num="29" count="23" type="stmt"/>
        <line num="34" count="10" type="stmt"/>
        <line num="36" count="10" type="stmt"/>
        <line num="48" count="1" type="stmt"/>
        <line num="49" count="1" type="stmt"/>
        <line num="53" count="6" type="cond" truecount="2" falsecount="0"/>
        <line num="54" count="1" type="stmt"/>
        <line num="55" count="1" type="stmt"/>
        <line num="58" count="5" type="cond" truecount="4" falsecount="0"/>
        <line num="59" count="2" type="stmt"/>
        <line num="60" count="2" type="stmt"/>
        <line num="63" count="3" type="stmt"/>
        <line num="64" count="3" type="stmt"/>
        <line num="67" count="23" type="stmt"/>
      </file>
    </package>
    <package name="test">
      <metrics statements="2" coveredstatements="2" conditionals="0" coveredconditionals="0" methods="2" coveredmethods="2"/>
      <file name="test-utils.tsx" path="C:\Users\dhars\OneDrive\Desktop\training assessment\react\session4\src\test\test-utils.tsx">
        <metrics statements="2" coveredstatements="2" conditionals="0" coveredconditionals="0" methods="2" coveredmethods="2"/>
        <line num="7" count="35" type="stmt"/>
        <line num="15" count="35" type="stmt"/>
      </file>
    </package>
  </project>
</coverage>
