<?xml version="1.0" encoding="UTF-8"?>
<coverage generated="1785829114099" clover="3.2.0">
  <project timestamp="1785829114099" name="All files">
    <metrics statements="148" coveredstatements="138" conditionals="114" coveredconditionals="95" methods="70" coveredmethods="65" elements="332" coveredelements="298" complexity="0" loc="148" ncloc="148" packages="7" files="20" classes="20"/>
    <package name="components">
      <metrics statements="48" coveredstatements="40" conditionals="47" coveredconditionals="36" methods="20" coveredmethods="16"/>
      <file name="AddInternForm.tsx" path="C:\Users\dhars\OneDrive\Desktop\training assessment\react\session4\src\components\AddInternForm.tsx">
        <metrics statements="7" coveredstatements="7" conditionals="6" coveredconditionals="4" methods="2" coveredmethods="2"/>
        <line num="9" count="47" type="stmt"/>
        <line num="11" count="47" type="cond" truecount="1" falsecount="1"/>
        <line num="14" count="47" type="stmt"/>
        <line num="16" count="47" type="cond" truecount="1" falsecount="1"/>
        <line num="19" count="5" type="stmt"/>
        <line num="20" count="5" type="stmt"/>
        <line num="23" count="47" type="stmt"/>
      </file>
      <file name="InternListWithCallback.tsx" path="C:\Users\dhars\OneDrive\Desktop\training assessment\react\session4\src\components\InternListWithCallback.tsx">
        <metrics statements="9" coveredstatements="7" conditionals="5" coveredconditionals="3" methods="3" coveredmethods="2"/>
        <line num="6" count="2" type="stmt"/>
        <line num="7" count="2" type="stmt"/>
        <line num="10" count="2" type="cond" truecount="2" falsecount="1"/>
        <line num="12" count="2" type="stmt"/>
        <line num="14" count="0" type="stmt"/>
        <line num="19" count="2" type="cond" truecount="1" falsecount="1"/>
        <line num="20" count="0" type="stmt"/>
        <line num="27" count="2" type="stmt"/>
        <line num="30" count="6" type="stmt"/>
      </file>
      <file name="InternRow.tsx" path="C:\Users\dhars\OneDrive\Desktop\training assessment\react\session4\src\components\InternRow.tsx">
        <metrics statements="6" coveredstatements="6" conditionals="8" coveredconditionals="6" methods="2" coveredmethods="2"/>
        <line num="21" count="9" type="stmt"/>
        <line num="22" count="9" type="stmt"/>
        <line num="23" count="9" type="stmt"/>
        <line num="24" count="9" type="stmt"/>
        <line num="29" count="9" type="stmt"/>
        <line num="50" count="1" type="stmt"/>
      </file>
      <file name="Navbar.tsx" path="C:\Users\dhars\OneDrive\Desktop\training assessment\react\session4\src\components\Navbar.tsx">
        <metrics statements="2" coveredstatements="2" conditionals="6" coveredconditionals="6" methods="1" coveredmethods="1"/>
        <line num="4" count="5" type="stmt"/>
        <line num="6" count="5" type="stmt"/>
      </file>
      <file name="ScoreBadge.tsx" path="C:\Users\dhars\OneDrive\Desktop\training assessment\react\session4\src\components\ScoreBadge.tsx">
        <metrics statements="4" coveredstatements="4" conditionals="8" coveredconditionals="8" methods="2" coveredmethods="2"/>
        <line num="4" count="14" type="cond" truecount="2" falsecount="0"/>
        <line num="12" count="11" type="stmt"/>
        <line num="13" count="11" type="stmt"/>
        <line num="15" count="11" type="stmt"/>
      </file>
      <file name="ScoreStats.tsx" path="C:\Users\dhars\OneDrive\Desktop\training assessment\react\session4\src\components\ScoreStats.tsx">
        <metrics statements="11" coveredstatements="11" conditionals="2" coveredconditionals="2" methods="5" coveredmethods="5"/>
        <line num="10" count="8" type="stmt"/>
        <line num="11" count="8" type="stmt"/>
        <line num="13" count="8" type="stmt"/>
        <line num="14" count="4" type="stmt"/>
        <line num="15" count="4" type="stmt"/>
        <line num="20" count="4" type="stmt"/>
        <line num="23" count="4" type="stmt"/>
        <line num="26" count="8" type="cond" truecount="2" falsecount="0"/>
        <line num="27" count="4" type="stmt"/>
        <line num="30" count="4" type="stmt"/>
        <line num="35" count="8" type="stmt"/>
      </file>
      <file name="SummaryBar.tsx" path="C:\Users\dhars\OneDrive\Desktop\training assessment\react\session4\src\components\SummaryBar.tsx">
        <metrics statements="7" coveredstatements="1" conditionals="2" coveredconditionals="0" methods="4" coveredmethods="1"/>
        <line num="15" count="5" type="stmt"/>
        <line num="26" count="0" type="stmt"/>
        <line num="28" count="0" type="stmt"/>
        <line num="30" count="0" type="stmt"/>
        <line num="33" count="0" type="cond" truecount="0" falsecount="2"/>
        <line num="35" count="0" type="stmt"/>
        <line num="40" count="0" type="stmt"/>
      </file>
      <file name="ThemedCard.tsx" path="C:\Users\dhars\OneDrive\Desktop\training assessment\react\session4\src\components\ThemedCard.tsx">
        <metrics statements="2" coveredstatements="2" conditionals="10" coveredconditionals="7" methods="1" coveredmethods="1"/>
        <line num="9" count="14" type="stmt"/>
        <line num="11" count="14" type="stmt"/>
      </file>
    </package>
    <package name="contexts">
      <metrics statements="29" coveredstatements="27" conditionals="8" coveredconditionals="5" methods="11" coveredmethods="10"/>
      <file name="intern-context.tsx" path="C:\Users\dhars\OneDrive\Desktop\training assessment\react\session4\src\contexts\intern-context.tsx">
        <metrics statements="16" coveredstatements="14" conditionals="2" coveredconditionals="1" methods="6" coveredmethods="5"/>
        <line num="20" count="11" type="stmt"/>
        <line num="25" count="49" type="stmt"/>
        <line num="26" count="49" type="cond" truecount="1" falsecount="1"/>
        <line num="27" count="0" type="stmt"/>
        <line num="29" count="49" type="stmt"/>
        <line num="32" count="11" type="stmt"/>
        <line num="39" count="11" type="stmt"/>
        <line num="40" count="44" type="stmt"/>
        <line num="50" count="41" type="stmt"/>
        <line num="51" count="41" type="stmt"/>
        <line num="53" count="41" type="stmt"/>
        <line num="55" count="41" type="stmt"/>
        <line num="62" count="1" type="stmt"/>
        <line num="63" count="1" type="stmt"/>
        <line num="66" count="0" type="stmt"/>
        <line num="70" count="41" type="stmt"/>
      </file>
      <file name="theme-context.tsx" path="C:\Users\dhars\OneDrive\Desktop\training assessment\react\session4\src\contexts\theme-context.tsx">
        <metrics statements="13" coveredstatements="13" conditionals="6" coveredconditionals="4" methods="5" coveredmethods="5"/>
        <line num="13" count="8" type="stmt"/>
        <line num="16" count="37" type="stmt"/>
        <line num="18" count="37" type="stmt"/>
        <line num="19" count="37" type="cond" truecount="2" falsecount="0"/>
        <line num="20" count="1" type="stmt"/>
        <line num="21" count="1" type="stmt"/>
        <line num="23" count="36" type="stmt"/>
        <line num="24" count="36" type="stmt"/>
        <line num="29" count="1" type="cond" truecount="1" falsecount="1"/>
        <line num="32" count="37" type="stmt"/>
        <line num="40" count="28" type="stmt"/>
        <line num="45" count="28" type="cond" truecount="1" falsecount="1"/>
        <line num="47" count="28" type="stmt"/>
      </file>
    </package>
    <package name="hooks">
      <metrics statements="31" coveredstatements="31" conditionals="19" coveredconditionals="16" methods="16" coveredmethods="16"/>
      <file name="useCounter.ts" path="C:\Users\dhars\OneDrive\Desktop\training assessment\react\session4\src\hooks\useCounter.ts">
        <metrics statements="5" coveredstatements="5" conditionals="5" coveredconditionals="5" methods="6" coveredmethods="6"/>
        <line num="23" count="8" type="stmt"/>
        <line num="26" count="3" type="stmt"/>
        <line num="30" count="1" type="stmt"/>
        <line num="34" count="1" type="stmt"/>
        <line num="37" count="8" type="stmt"/>
      </file>
      <file name="useInternForm.ts" path="C:\Users\dhars\OneDrive\Desktop\training assessment\react\session4\src\hooks\useInternForm.ts">
        <metrics statements="18" coveredstatements="18" conditionals="11" coveredconditionals="9" methods="5" coveredmethods="5"/>
        <line num="31" count="4" type="stmt"/>
        <line num="42" count="68" type="stmt"/>
        <line num="44" count="68" type="stmt"/>
        <line num="49" count="42" type="stmt"/>
        <line num="51" count="42" type="stmt"/>
        <line num="60" count="42" type="stmt"/>
        <line num="64" count="1" type="stmt"/>
        <line num="65" count="1" type="stmt"/>
        <line num="69" count="14" type="cond" truecount="2" falsecount="0"/>
        <line num="70" count="14" type="stmt"/>
        <line num="72" count="14" type="cond" truecount="2" falsecount="0"/>
        <line num="73" count="9" type="stmt"/>
        <line num="74" count="9" type="stmt"/>
        <line num="77" count="5" type="stmt"/>
        <line num="85" count="5" type="stmt"/>
        <line num="87" count="5" type="stmt"/>
        <line num="89" count="5" type="stmt"/>
        <line num="92" count="68" type="stmt"/>
      </file>
      <file name="useInternSearch.ts" path="C:\Users\dhars\OneDrive\Desktop\training assessment\react\session4\src\hooks\useInternSearch.ts">
        <metrics statements="8" coveredstatements="8" conditionals="3" coveredconditionals="2" methods="5" coveredmethods="5"/>
        <line num="27" count="1" type="stmt"/>
        <line num="29" count="1" type="stmt"/>
        <line num="30" count="1" type="stmt"/>
        <line num="34" count="1" type="stmt"/>
        <line num="35" count="1" type="stmt"/>
        <line num="37" count="2" type="stmt"/>
        <line num="41" count="2" type="stmt"/>
        <line num="49" count="1" type="stmt"/>
      </file>
    </package>
    <package name="repositories">
      <metrics statements="8" coveredstatements="8" conditionals="3" coveredconditionals="3" methods="9" coveredmethods="9"/>
      <file name="intern-repository.ts" path="C:\Users\dhars\OneDrive\Desktop\training assessment\react\session4\src\repositories\intern-repository.ts">
        <metrics statements="8" coveredstatements="8" conditionals="3" coveredconditionals="3" methods="9" coveredmethods="9"/>
        <line num="4" count="12" type="stmt"/>
        <line num="12" count="55" type="stmt"/>
        <line num="14" count="55" type="stmt"/>
        <line num="16" count="55" type="stmt"/>
        <line num="17" count="3" type="stmt"/>
        <line num="19" count="55" type="stmt"/>
        <line num="20" count="3" type="cond" truecount="2" falsecount="0"/>
        <line num="22" count="55" type="stmt"/>
      </file>
    </package>
    <package name="services">
      <metrics statements="21" coveredstatements="21" conditionals="27" coveredconditionals="25" methods="7" coveredmethods="7"/>
      <file name="intern-service.ts" path="C:\Users\dhars\OneDrive\Desktop\training assessment\react\session4\src\services\intern-service.ts">
        <metrics statements="21" coveredstatements="21" conditionals="27" coveredconditionals="25" methods="7" coveredmethods="7"/>
        <line num="8" count="48" type="stmt"/>
        <line num="24" count="17" type="cond" truecount="4" falsecount="0"/>
        <line num="25" count="3" type="cond" truecount="2" falsecount="0"/>
        <line num="26" count="3" type="cond" truecount="1" falsecount="1"/>
        <line num="28" count="14" type="cond" truecount="2" falsecount="0"/>
        <line num="29" count="14" type="cond" truecount="1" falsecount="1"/>
        <line num="32" count="17" type="cond" truecount="2" falsecount="0"/>
        <line num="33" count="8" type="stmt"/>
        <line num="36" count="9" type="cond" truecount="4" falsecount="0"/>
        <line num="37" count="3" type="stmt"/>
        <line num="40" count="6" type="stmt"/>
        <line num="44" count="44" type="cond" truecount="2" falsecount="0"/>
        <line num="45" count="1" type="stmt"/>
        <line num="48" count="170" type="stmt"/>
        <line num="50" count="43" type="stmt"/>
        <line num="55" count="3" type="cond" truecount="2" falsecount="0"/>
        <line num="60" count="45" type="cond" truecount="2" falsecount="0"/>
        <line num="61" count="42" type="stmt"/>
        <line num="64" count="3" type="stmt"/>
        <line num="66" count="3" type="stmt"/>
        <line num="68" count="6" type="cond" truecount="2" falsecount="0"/>
      </file>
    </package>
    <package name="test">
      <metrics statements="2" coveredstatements="2" conditionals="0" coveredconditionals="0" methods="2" coveredmethods="2"/>
      <file name="test-utils.tsx" path="C:\Users\dhars\OneDrive\Desktop\training assessment\react\session4\src\test\test-utils.tsx">
        <metrics statements="2" coveredstatements="2" conditionals="0" coveredconditionals="0" methods="2" coveredmethods="2"/>
        <line num="7" count="35" type="stmt"/>
        <line num="15" count="35" type="stmt"/>
      </file>
    </package>
    <package name="utils">
      <metrics statements="9" coveredstatements="9" conditionals="10" coveredconditionals="10" methods="5" coveredmethods="5"/>
      <file name="generate-id.ts" path="C:\Users\dhars\OneDrive\Desktop\training assessment\react\session4\src\utils\generate-id.ts">
        <metrics statements="1" coveredstatements="1" conditionals="2" coveredconditionals="2" methods="1" coveredmethods="1"/>
        <line num="7" count="3" type="stmt"/>
      </file>
      <file name="intern-request.ts" path="C:\Users\dhars\OneDrive\Desktop\training assessment\react\session4\src\utils\intern-request.ts">
        <metrics statements="1" coveredstatements="1" conditionals="0" coveredconditionals="0" methods="1" coveredmethods="1"/>
        <line num="10" count="1" type="stmt"/>
      </file>
      <file name="intern-utils.ts" path="C:\Users\dhars\OneDrive\Desktop\training assessment\react\session4\src\utils\intern-utils.ts">
        <metrics statements="2" coveredstatements="2" conditionals="2" coveredconditionals="2" methods="2" coveredmethods="2"/>
        <line num="11" count="6" type="stmt"/>
        <line num="13" count="18" type="cond" truecount="2" falsecount="0"/>
      </file>
      <file name="intern-validation.ts" path="C:\Users\dhars\OneDrive\Desktop\training assessment\react\session4\src\utils\intern-validation.ts">
        <metrics statements="5" coveredstatements="5" conditionals="6" coveredconditionals="6" methods="1" coveredmethods="1"/>
        <line num="3" count="10" type="cond" truecount="2" falsecount="0"/>
        <line num="4" count="3" type="stmt"/>
        <line num="7" count="7" type="cond" truecount="4" falsecount="0"/>
        <line num="8" count="3" type="stmt"/>
        <line num="11" count="4" type="stmt"/>
      </file>
    </package>
  </project>
</coverage>
