{"C:\\Users\\dhars\\OneDrive\\Desktop\\training assessment\\react\\session4\\src\\components\\AddInternForm.tsx": {"path":"C:\\Users\\dhars\\OneDrive\\Desktop\\training assessment\\react\\session4\\src\\components\\AddInternForm.tsx","statementMap":{"0":{"start":{"line":9,"column":33},"end":{"line":9,"column":44}},"1":{"start":{"line":11,"column":20},"end":{"line":11,"column":null}},"2":{"start":{"line":14,"column":4},"end":{"line":14,"column":null}},"3":{"start":{"line":16,"column":21},"end":{"line":16,"column":null}},"4":{"start":{"line":19,"column":4},"end":{"line":19,"column":null}},"5":{"start":{"line":20,"column":4},"end":{"line":20,"column":null}},"6":{"start":{"line":23,"column":2},"end":{"line":86,"column":null}}},"fnMap":{"0":{"name":"AddInternForm","decl":{"start":{"line":8,"column":9},"end":{"line":8,"column":23}},"loc":{"start":{"line":8,"column":97},"end":{"line":88,"column":null}},"line":8},"1":{"name":"handleSubmit","decl":{"start":{"line":18,"column":11},"end":{"line":18,"column":24}},"loc":{"start":{"line":18,"column":44},"end":{"line":21,"column":null}},"line":18}},"branchMap":{"0":{"loc":{"start":{"line":11,"column":20},"end":{"line":11,"column":null}},"type":"binary-expr","locations":[{"start":{"line":11,"column":20},"end":{"line":11,"column":29}},{"start":{"line":11,"column":29},"end":{"line":11,"column":null}}],"line":11},"1":{"loc":{"start":{"line":16,"column":21},"end":{"line":16,"column":null}},"type":"binary-expr","locations":[{"start":{"line":16,"column":21},"end":{"line":16,"column":30}},{"start":{"line":16,"column":30},"end":{"line":16,"column":null}}],"line":16},"2":{"loc":{"start":{"line":27,"column":7},"end":{"line":30,"column":null}},"type":"binary-expr","locations":[{"start":{"line":27,"column":7},"end":{"line":27,"column":null}},{"start":{"line":28,"column":8},"end":{"line":30,"column":null}}],"line":27}},"s":{"0":47,"1":47,"2":47,"3":47,"4":5,"5":5,"6":47},"f":{"0":47,"1":5},"b":{"0":[47,0],"1":[47,0],"2":[47,4]},"meta":{"lastBranch":3,"lastFunction":2,"lastStatement":7,"seen":{"f:8:9:8:23":0,"s:9:33:9:44":0,"s:11:20:11:Infinity":1,"b:11:20:11:29:11:29:11:Infinity":0,"s:14:4:14:Infinity":2,"s:16:21:16:Infinity":3,"b:16:21:16:30:16:30:16:Infinity":1,"f:18:11:18:24":1,"s:19:4:19:Infinity":4,"s:20:4:20:Infinity":5,"s:23:2:86:Infinity":6,"b:27:7:27:Infinity:28:8:30:Infinity":2},"fnNames":{}}}
,"C:\\Users\\dhars\\OneDrive\\Desktop\\training assessment\\react\\session4\\src\\components\\InternListWithCallback.tsx": {"path":"C:\\Users\\dhars\\OneDrive\\Desktop\\training assessment\\react\\session4\\src\\components\\InternListWithCallback.tsx","statementMap":{"0":{"start":{"line":6,"column":14},"end":{"line":6,"column":25}},"1":{"start":{"line":7,"column":27},"end":{"line":7,"column":null}},"2":{"start":{"line":10,"column":5},"end":{"line":10,"column":null}},"3":{"start":{"line":12,"column":23},"end":{"line":17,"column":null}},"4":{"start":{"line":14,"column":6},"end":{"line":14,"column":null}},"5":{"start":{"line":19,"column":2},"end":{"line":25,"column":null}},"6":{"start":{"line":20,"column":4},"end":{"line":23,"column":null}},"7":{"start":{"line":27,"column":2},"end":{"line":40,"column":null}},"8":{"start":{"line":30,"column":8},"end":{"line":38,"column":null}}},"fnMap":{"0":{"name":"InternListWithCallback","decl":{"start":{"line":5,"column":9},"end":{"line":5,"column":34}},"loc":{"start":{"line":5,"column":34},"end":{"line":42,"column":null}},"line":5},"1":{"name":"(anonymous_1)","decl":{"start":{"line":12,"column":23},"end":{"line":12,"column":null}},"loc":{"start":{"line":13,"column":26},"end":{"line":15,"column":null}},"line":13},"2":{"name":"(anonymous_2)","decl":{"start":{"line":29,"column":16},"end":{"line":29,"column":21}},"loc":{"start":{"line":30,"column":8},"end":{"line":38,"column":null}},"line":30}},"branchMap":{"0":{"loc":{"start":{"line":10,"column":5},"end":{"line":10,"column":null}},"type":"binary-expr","locations":[{"start":{"line":10,"column":5},"end":{"line":10,"column":36}},{"start":{"line":10,"column":36},"end":{"line":10,"column":51}},{"start":{"line":10,"column":51},"end":{"line":10,"column":null}}],"line":10},"1":{"loc":{"start":{"line":19,"column":2},"end":{"line":25,"column":null}},"type":"if","locations":[{"start":{"line":19,"column":2},"end":{"line":25,"column":null}},{"start":{},"end":{}}],"line":19}},"s":{"0":2,"1":2,"2":2,"3":2,"4":0,"5":2,"6":0,"7":2,"8":6},"f":{"0":2,"1":0,"2":6},"b":{"0":[2,2,0],"1":[0,2]},"meta":{"lastBranch":2,"lastFunction":3,"lastStatement":9,"seen":{"f:5:9:5:34":0,"s:6:14:6:25":0,"s:7:27:7:Infinity":1,"s:10:5:10:Infinity":2,"b:10:5:10:36:10:36:10:51:10:51:10:Infinity":0,"s:12:23:17:Infinity":3,"f:12:23:12:Infinity":1,"s:14:6:14:Infinity":4,"b:19:2:25:Infinity:undefined:undefined:undefined:undefined":1,"s:19:2:25:Infinity":5,"s:20:4:23:Infinity":6,"s:27:2:40:Infinity":7,"f:29:16:29:21":2,"s:30:8:38:Infinity":8},"fnNames":{}}}
,"C:\\Users\\dhars\\OneDrive\\Desktop\\training assessment\\react\\session4\\src\\components\\InternRow.tsx": {"path":"C:\\Users\\dhars\\OneDrive\\Desktop\\training assessment\\react\\session4\\src\\components\\InternRow.tsx","statementMap":{"0":{"start":{"line":21,"column":14},"end":{"line":21,"column":null}},"1":{"start":{"line":22,"column":2},"end":{"line":27,"column":null}},"2":{"start":{"line":23,"column":25},"end":{"line":23,"column":34}},"3":{"start":{"line":24,"column":4},"end":{"line":24,"column":null}},"4":{"start":{"line":29,"column":2},"end":{"line":51,"column":null}},"5":{"start":{"line":50,"column":29},"end":{"line":50,"column":43}}},"fnMap":{"0":{"name":"InternRow","decl":{"start":{"line":13,"column":9},"end":{"line":13,"column":19}},"loc":{"start":{"line":20,"column":19},"end":{"line":53,"column":null}},"line":20},"1":{"name":"(anonymous_1)","decl":{"start":{"line":50,"column":14},"end":{"line":50,"column":29}},"loc":{"start":{"line":50,"column":29},"end":{"line":50,"column":43}},"line":50}},"branchMap":{"0":{"loc":{"start":{"line":17,"column":2},"end":{"line":17,"column":null}},"type":"default-arg","locations":[{"start":{"line":17,"column":9},"end":{"line":17,"column":null}}],"line":17},"1":{"loc":{"start":{"line":18,"column":2},"end":{"line":18,"column":null}},"type":"default-arg","locations":[{"start":{"line":18,"column":14},"end":{"line":18,"column":null}}],"line":18},"2":{"loc":{"start":{"line":33,"column":20},"end":{"line":33,"column":null}},"type":"cond-expr","locations":[{"start":{"line":33,"column":40},"end":{"line":33,"column":49}},{"start":{"line":33,"column":49},"end":{"line":33,"column":null}}],"line":33},"3":{"loc":{"start":{"line":34,"column":15},"end":{"line":34,"column":null}},"type":"cond-expr","locations":[{"start":{"line":34,"column":35},"end":{"line":34,"column":44}},{"start":{"line":34,"column":44},"end":{"line":34,"column":null}}],"line":34},"4":{"loc":{"start":{"line":48,"column":42},"end":{"line":48,"column":78}},"type":"cond-expr","locations":[{"start":{"line":48,"column":54},"end":{"line":48,"column":66}},{"start":{"line":48,"column":66},"end":{"line":48,"column":78}}],"line":48}},"s":{"0":9,"1":9,"2":9,"3":9,"4":9,"5":1},"f":{"0":9,"1":1},"b":{"0":[9],"1":[9],"2":[9,0],"3":[9,0],"4":[7,2]},"meta":{"lastBranch":5,"lastFunction":2,"lastStatement":6,"seen":{"f:13:9:13:19":0,"b:17:9:17:Infinity":0,"b:18:14:18:Infinity":1,"s:21:14:21:Infinity":0,"s:22:2:27:Infinity":1,"s:23:25:23:34":2,"s:24:4:24:Infinity":3,"s:29:2:51:Infinity":4,"b:33:40:33:49:33:49:33:Infinity":2,"b:34:35:34:44:34:44:34:Infinity":3,"b:48:54:48:66:48:66:48:78":4,"f:50:14:50:29":1,"s:50:29:50:43":5},"fnNames":{}}}
,"C:\\Users\\dhars\\OneDrive\\Desktop\\training assessment\\react\\session4\\src\\components\\Navbar.tsx": {"path":"C:\\Users\\dhars\\OneDrive\\Desktop\\training assessment\\react\\session4\\src\\components\\Navbar.tsx","statementMap":{"0":{"start":{"line":4,"column":33},"end":{"line":4,"column":42}},"1":{"start":{"line":6,"column":2},"end":{"line":20,"column":null}}},"fnMap":{"0":{"name":"Navbar","decl":{"start":{"line":3,"column":9},"end":{"line":3,"column":18}},"loc":{"start":{"line":3,"column":18},"end":{"line":22,"column":null}},"line":3}},"branchMap":{"0":{"loc":{"start":{"line":9,"column":20},"end":{"line":9,"column":null}},"type":"cond-expr","locations":[{"start":{"line":9,"column":40},"end":{"line":9,"column":52}},{"start":{"line":9,"column":52},"end":{"line":9,"column":null}}],"line":9},"1":{"loc":{"start":{"line":10,"column":15},"end":{"line":10,"column":null}},"type":"cond-expr","locations":[{"start":{"line":10,"column":35},"end":{"line":10,"column":44}},{"start":{"line":10,"column":44},"end":{"line":10,"column":null}}],"line":10},"2":{"loc":{"start":{"line":18,"column":19},"end":{"line":18,"column":56}},"type":"cond-expr","locations":[{"start":{"line":18,"column":39},"end":{"line":18,"column":48}},{"start":{"line":18,"column":48},"end":{"line":18,"column":56}}],"line":18}},"s":{"0":5,"1":5},"f":{"0":5},"b":{"0":[4,1],"1":[4,1],"2":[4,1]},"meta":{"lastBranch":3,"lastFunction":1,"lastStatement":2,"seen":{"f:3:9:3:18":0,"s:4:33:4:42":0,"s:6:2:20:Infinity":1,"b:9:40:9:52:9:52:9:Infinity":0,"b:10:35:10:44:10:44:10:Infinity":1,"b:18:39:18:48:18:48:18:56":2},"fnNames":{}}}
,"C:\\Users\\dhars\\OneDrive\\Desktop\\training assessment\\react\\session4\\src\\components\\ScoreBadge.tsx": {"path":"C:\\Users\\dhars\\OneDrive\\Desktop\\training assessment\\react\\session4\\src\\components\\ScoreBadge.tsx","statementMap":{"0":{"start":{"line":4,"column":2},"end":{"line":4,"column":null}},"1":{"start":{"line":12,"column":16},"end":{"line":12,"column":null}},"2":{"start":{"line":13,"column":17},"end":{"line":13,"column":null}},"3":{"start":{"line":15,"column":2},"end":{"line":30,"column":null}}},"fnMap":{"0":{"name":"getScoreLabel","decl":{"start":{"line":3,"column":16},"end":{"line":3,"column":30}},"loc":{"start":{"line":3,"column":62},"end":{"line":5,"column":null}},"line":3},"1":{"name":"ScoreBadge","decl":{"start":{"line":11,"column":16},"end":{"line":11,"column":27}},"loc":{"start":{"line":11,"column":55},"end":{"line":32,"column":null}},"line":11}},"branchMap":{"0":{"loc":{"start":{"line":4,"column":9},"end":{"line":4,"column":null}},"type":"cond-expr","locations":[{"start":{"line":4,"column":23},"end":{"line":4,"column":32}},{"start":{"line":4,"column":32},"end":{"line":4,"column":null}}],"line":4},"1":{"loc":{"start":{"line":17,"column":32},"end":{"line":17,"column":null}},"type":"cond-expr","locations":[{"start":{"line":17,"column":41},"end":{"line":17,"column":50}},{"start":{"line":17,"column":50},"end":{"line":17,"column":null}}],"line":17},"2":{"loc":{"start":{"line":24,"column":25},"end":{"line":24,"column":null}},"type":"cond-expr","locations":[{"start":{"line":24,"column":34},"end":{"line":24,"column":46}},{"start":{"line":24,"column":46},"end":{"line":24,"column":null}}],"line":24},"3":{"loc":{"start":{"line":25,"column":15},"end":{"line":25,"column":null}},"type":"cond-expr","locations":[{"start":{"line":25,"column":24},"end":{"line":25,"column":36}},{"start":{"line":25,"column":36},"end":{"line":25,"column":null}}],"line":25}},"s":{"0":14,"1":11,"2":11,"3":11},"f":{"0":14,"1":11},"b":{"0":[10,4],"1":[8,3],"2":[8,3],"3":[8,3]},"meta":{"lastBranch":4,"lastFunction":2,"lastStatement":4,"seen":{"f:3:16:3:30":0,"s:4:2:4:Infinity":0,"b:4:23:4:32:4:32:4:Infinity":0,"f:11:16:11:27":1,"s:12:16:12:Infinity":1,"s:13:17:13:Infinity":2,"s:15:2:30:Infinity":3,"b:17:41:17:50:17:50:17:Infinity":1,"b:24:34:24:46:24:46:24:Infinity":2,"b:25:24:25:36:25:36:25:Infinity":3},"fnNames":{}}}
,"C:\\Users\\dhars\\OneDrive\\Desktop\\training assessment\\react\\session4\\src\\components\\ScoreStats.tsx": {"path":"C:\\Users\\dhars\\OneDrive\\Desktop\\training assessment\\react\\session4\\src\\components\\ScoreStats.tsx","statementMap":{"0":{"start":{"line":10,"column":32},"end":{"line":10,"column":null}},"1":{"start":{"line":11,"column":32},"end":{"line":11,"column":null}},"2":{"start":{"line":13,"column":2},"end":{"line":24,"column":null}},"3":{"start":{"line":14,"column":18},"end":{"line":21,"column":null}},"4":{"start":{"line":15,"column":6},"end":{"line":18,"column":null}},"5":{"start":{"line":20,"column":6},"end":{"line":20,"column":null}},"6":{"start":{"line":23,"column":4},"end":{"line":23,"column":null}},"7":{"start":{"line":23,"column":17},"end":{"line":23,"column":null}},"8":{"start":{"line":26,"column":2},"end":{"line":28,"column":null}},"9":{"start":{"line":27,"column":4},"end":{"line":27,"column":null}},"10":{"start":{"line":30,"column":2},"end":{"line":40,"column":null}},"11":{"start":{"line":35,"column":8},"end":{"line":38,"column":null}}},"fnMap":{"0":{"name":"ScoreStats","decl":{"start":{"line":9,"column":9},"end":{"line":9,"column":22}},"loc":{"start":{"line":9,"column":22},"end":{"line":42,"column":null}},"line":9},"1":{"name":"(anonymous_1)","decl":{"start":{"line":13,"column":2},"end":{"line":13,"column":18}},"loc":{"start":{"line":13,"column":18},"end":{"line":24,"column":5}},"line":13},"2":{"name":"(anonymous_2)","decl":{"start":{"line":14,"column":18},"end":{"line":14,"column":35}},"loc":{"start":{"line":14,"column":35},"end":{"line":21,"column":7}},"line":14},"3":{"name":"(anonymous_3)","decl":{"start":{"line":23,"column":4},"end":{"line":23,"column":17}},"loc":{"start":{"line":23,"column":17},"end":{"line":23,"column":null}},"line":23},"4":{"name":"(anonymous_4)","decl":{"start":{"line":34,"column":15},"end":{"line":34,"column":20}},"loc":{"start":{"line":35,"column":8},"end":{"line":38,"column":null}},"line":35}},"branchMap":{"0":{"loc":{"start":{"line":26,"column":2},"end":{"line":28,"column":null}},"type":"if","locations":[{"start":{"line":26,"column":2},"end":{"line":28,"column":null}},{"start":{},"end":{}}],"line":26}},"s":{"0":8,"1":8,"2":8,"3":4,"4":4,"5":4,"6":4,"7":4,"8":8,"9":4,"10":4,"11":8},"f":{"0":8,"1":4,"2":4,"3":4,"4":8},"b":{"0":[4,4]},"meta":{"lastBranch":1,"lastFunction":5,"lastStatement":12,"seen":{"f:9:9:9:22":0,"s:10:32:10:Infinity":0,"s:11:32:11:Infinity":1,"s:13:2:24:Infinity":2,"f:13:2:13:18":1,"s:14:18:21:Infinity":3,"f:14:18:14:35":2,"s:15:6:18:Infinity":4,"s:20:6:20:Infinity":5,"s:23:4:23:Infinity":6,"f:23:4:23:17":3,"s:23:17:23:Infinity":7,"b:26:2:28:Infinity:undefined:undefined:undefined:undefined":0,"s:26:2:28:Infinity":8,"s:27:4:27:Infinity":9,"s:30:2:40:Infinity":10,"f:34:15:34:20":4,"s:35:8:38:Infinity":11},"fnNames":{}}}
,"C:\\Users\\dhars\\OneDrive\\Desktop\\training assessment\\react\\session4\\src\\components\\SummaryBar.tsx": {"path":"C:\\Users\\dhars\\OneDrive\\Desktop\\training assessment\\react\\session4\\src\\components\\SummaryBar.tsx","statementMap":{"0":{"start":{"line":15,"column":2},"end":{"line":20,"column":null}},"1":{"start":{"line":26,"column":22},"end":{"line":26,"column":33}},"2":{"start":{"line":28,"column":16},"end":{"line":28,"column":null}},"3":{"start":{"line":30,"column":23},"end":{"line":30,"column":null}},"4":{"start":{"line":30,"column":50},"end":{"line":30,"column":66}},"5":{"start":{"line":33,"column":4},"end":{"line":38,"column":null}},"6":{"start":{"line":35,"column":42},"end":{"line":35,"column":62}},"7":{"start":{"line":40,"column":2},"end":{"line":45,"column":null}}},"fnMap":{"0":{"name":"SummaryBar","decl":{"start":{"line":10,"column":16},"end":{"line":10,"column":27}},"loc":{"start":{"line":14,"column":20},"end":{"line":22,"column":null}},"line":14},"1":{"name":"SummaryBarContainer","decl":{"start":{"line":25,"column":16},"end":{"line":25,"column":38}},"loc":{"start":{"line":25,"column":38},"end":{"line":47,"column":null}},"line":25},"2":{"name":"(anonymous_2)","decl":{"start":{"line":30,"column":31},"end":{"line":30,"column":39}},"loc":{"start":{"line":30,"column":50},"end":{"line":30,"column":66}},"line":30},"3":{"name":"(anonymous_3)","decl":{"start":{"line":35,"column":18},"end":{"line":35,"column":26}},"loc":{"start":{"line":35,"column":42},"end":{"line":35,"column":62}},"line":35}},"branchMap":{"0":{"loc":{"start":{"line":33,"column":4},"end":{"line":38,"column":null}},"type":"cond-expr","locations":[{"start":{"line":34,"column":8},"end":{"line":37,"column":null}},{"start":{"line":38,"column":8},"end":{"line":38,"column":null}}],"line":33}},"s":{"0":5,"1":0,"2":0,"3":0,"4":0,"5":0,"6":0,"7":0},"f":{"0":5,"1":0,"2":0,"3":0},"b":{"0":[0,0]},"meta":{"lastBranch":1,"lastFunction":4,"lastStatement":8,"seen":{"f:10:16:10:27":0,"s:15:2:20:Infinity":0,"f:25:16:25:38":1,"s:26:22:26:33":1,"s:28:16:28:Infinity":2,"s:30:23:30:Infinity":3,"f:30:31:30:39":2,"s:30:50:30:66":4,"s:33:4:38:Infinity":5,"b:34:8:37:Infinity:38:8:38:Infinity":0,"f:35:18:35:26":3,"s:35:42:35:62":6,"s:40:2:45:Infinity":7},"fnNames":{}}}
,"C:\\Users\\dhars\\OneDrive\\Desktop\\training assessment\\react\\session4\\src\\components\\ThemedCard.tsx": {"path":"C:\\Users\\dhars\\OneDrive\\Desktop\\training assessment\\react\\session4\\src\\components\\ThemedCard.tsx","statementMap":{"0":{"start":{"line":9,"column":20},"end":{"line":9,"column":29}},"1":{"start":{"line":11,"column":2},"end":{"line":29,"column":null}}},"fnMap":{"0":{"name":"ThemedCard","decl":{"start":{"line":8,"column":9},"end":{"line":8,"column":20}},"loc":{"start":{"line":8,"column":54},"end":{"line":31,"column":null}},"line":8}},"branchMap":{"0":{"loc":{"start":{"line":14,"column":20},"end":{"line":14,"column":null}},"type":"cond-expr","locations":[{"start":{"line":14,"column":40},"end":{"line":14,"column":52}},{"start":{"line":14,"column":52},"end":{"line":14,"column":null}}],"line":14},"1":{"loc":{"start":{"line":15,"column":15},"end":{"line":15,"column":null}},"type":"cond-expr","locations":[{"start":{"line":15,"column":35},"end":{"line":15,"column":44}},{"start":{"line":15,"column":44},"end":{"line":15,"column":null}}],"line":15},"2":{"loc":{"start":{"line":16,"column":29},"end":{"line":16,"column":null}},"type":"cond-expr","locations":[{"start":{"line":16,"column":49},"end":{"line":16,"column":58}},{"start":{"line":16,"column":58},"end":{"line":16,"column":null}}],"line":16},"3":{"loc":{"start":{"line":26,"column":25},"end":{"line":26,"column":55}},"type":"cond-expr","locations":[{"start":{"line":26,"column":39},"end":{"line":26,"column":49}},{"start":{"line":26,"column":49},"end":{"line":26,"column":55}}],"line":26},"4":{"loc":{"start":{"line":27,"column":9},"end":{"line":27,"column":null}},"type":"cond-expr","locations":[{"start":{"line":27,"column":23},"end":{"line":27,"column":32}},{"start":{"line":27,"column":32},"end":{"line":27,"column":null}}],"line":27}},"s":{"0":14,"1":14},"f":{"0":14},"b":{"0":[14,0],"1":[14,0],"2":[14,0],"3":[11,3],"4":[11,3]},"meta":{"lastBranch":5,"lastFunction":1,"lastStatement":2,"seen":{"f:8:9:8:20":0,"s:9:20:9:29":0,"s:11:2:29:Infinity":1,"b:14:40:14:52:14:52:14:Infinity":0,"b:15:35:15:44:15:44:15:Infinity":1,"b:16:49:16:58:16:58:16:Infinity":2,"b:26:39:26:49:26:49:26:55":3,"b:27:23:27:32:27:32:27:Infinity":4},"fnNames":{}}}
,"C:\\Users\\dhars\\OneDrive\\Desktop\\training assessment\\react\\session4\\src\\contexts\\intern-context.tsx": {"path":"C:\\Users\\dhars\\OneDrive\\Desktop\\training assessment\\react\\session4\\src\\contexts\\intern-context.tsx","statementMap":{"0":{"start":{"line":20,"column":29},"end":{"line":22,"column":null}},"1":{"start":{"line":25,"column":18},"end":{"line":25,"column":null}},"2":{"start":{"line":26,"column":2},"end":{"line":28,"column":null}},"3":{"start":{"line":27,"column":4},"end":{"line":27,"column":null}},"4":{"start":{"line":29,"column":2},"end":{"line":29,"column":null}},"5":{"start":{"line":32,"column":43},"end":{"line":37,"column":null}},"6":{"start":{"line":39,"column":31},"end":{"line":41,"column":null}},"7":{"start":{"line":40,"column":2},"end":{"line":40,"column":null}},"8":{"start":{"line":40,"column":27},"end":{"line":40,"column":36}},"9":{"start":{"line":50,"column":15},"end":{"line":50,"column":null}},"10":{"start":{"line":51,"column":30},"end":{"line":51,"column":null}},"11":{"start":{"line":53,"column":26},"end":{"line":53,"column":null}},"12":{"start":{"line":55,"column":35},"end":{"line":68,"column":null}},"13":{"start":{"line":62,"column":21},"end":{"line":62,"column":null}},"14":{"start":{"line":63,"column":6},"end":{"line":63,"column":null}},"15":{"start":{"line":66,"column":6},"end":{"line":66,"column":null}},"16":{"start":{"line":70,"column":2},"end":{"line":71,"column":null}}},"fnMap":{"0":{"name":"useInterns","decl":{"start":{"line":24,"column":16},"end":{"line":24,"column":29}},"loc":{"start":{"line":24,"column":29},"end":{"line":30,"column":null}},"line":24},"1":{"name":"(anonymous_1)","decl":{"start":{"line":39,"column":47},"end":{"line":39,"column":52}},"loc":{"start":{"line":40,"column":2},"end":{"line":40,"column":null}},"line":40},"2":{"name":"(anonymous_2)","decl":{"start":{"line":40,"column":15},"end":{"line":40,"column":27}},"loc":{"start":{"line":40,"column":27},"end":{"line":40,"column":36}},"line":40},"3":{"name":"InternProvider","decl":{"start":{"line":43,"column":16},"end":{"line":43,"column":31}},"loc":{"start":{"line":49,"column":3},"end":{"line":73,"column":null}},"line":49},"4":{"name":"(anonymous_4)","decl":{"start":{"line":61,"column":4},"end":{"line":61,"column":16}},"loc":{"start":{"line":61,"column":42},"end":{"line":64,"column":null}},"line":61},"5":{"name":"(anonymous_5)","decl":{"start":{"line":65,"column":4},"end":{"line":65,"column":19}},"loc":{"start":{"line":65,"column":34},"end":{"line":67,"column":null}},"line":65}},"branchMap":{"0":{"loc":{"start":{"line":26,"column":2},"end":{"line":28,"column":null}},"type":"if","locations":[{"start":{"line":26,"column":2},"end":{"line":28,"column":null}},{"start":{},"end":{}}],"line":26}},"s":{"0":11,"1":49,"2":49,"3":0,"4":49,"5":11,"6":11,"7":44,"8":44,"9":41,"10":41,"11":41,"12":41,"13":1,"14":1,"15":0,"16":41},"f":{"0":49,"1":44,"2":44,"3":41,"4":1,"5":0},"b":{"0":[0,49]},"meta":{"lastBranch":1,"lastFunction":6,"lastStatement":17,"seen":{"s:20:29:22:Infinity":0,"f:24:16:24:29":0,"s:25:18:25:Infinity":1,"b:26:2:28:Infinity:undefined:undefined:undefined:undefined":0,"s:26:2:28:Infinity":2,"s:27:4:27:Infinity":3,"s:29:2:29:Infinity":4,"s:32:43:37:Infinity":5,"s:39:31:41:Infinity":6,"f:39:47:39:52":1,"s:40:2:40:Infinity":7,"f:40:15:40:27":2,"s:40:27:40:36":8,"f:43:16:43:31":3,"s:50:15:50:Infinity":9,"s:51:30:51:Infinity":10,"s:53:26:53:Infinity":11,"s:55:35:68:Infinity":12,"f:61:4:61:16":4,"s:62:21:62:Infinity":13,"s:63:6:63:Infinity":14,"f:65:4:65:19":5,"s:66:6:66:Infinity":15,"s:70:2:71:Infinity":16},"fnNames":{}}}
,"C:\\Users\\dhars\\OneDrive\\Desktop\\training assessment\\react\\session4\\src\\contexts\\theme-context.tsx": {"path":"C:\\Users\\dhars\\OneDrive\\Desktop\\training assessment\\react\\session4\\src\\contexts\\theme-context.tsx","statementMap":{"0":{"start":{"line":13,"column":21},"end":{"line":13,"column":null}},"1":{"start":{"line":16,"column":28},"end":{"line":16,"column":null}},"2":{"start":{"line":18,"column":2},"end":{"line":26,"column":null}},"3":{"start":{"line":19,"column":4},"end":{"line":25,"column":null}},"4":{"start":{"line":20,"column":6},"end":{"line":20,"column":null}},"5":{"start":{"line":21,"column":6},"end":{"line":21,"column":null}},"6":{"start":{"line":23,"column":6},"end":{"line":23,"column":null}},"7":{"start":{"line":24,"column":6},"end":{"line":24,"column":null}},"8":{"start":{"line":29,"column":4},"end":{"line":29,"column":null}},"9":{"start":{"line":29,"column":24},"end":{"line":29,"column":60}},"10":{"start":{"line":32,"column":2},"end":{"line":35,"column":null}},"11":{"start":{"line":40,"column":18},"end":{"line":40,"column":null}},"12":{"start":{"line":45,"column":2},"end":{"line":45,"column":null}},"13":{"start":{"line":45,"column":16},"end":{"line":45,"column":null}},"14":{"start":{"line":47,"column":2},"end":{"line":47,"column":null}}},"fnMap":{"0":{"name":"ThemeProvider","decl":{"start":{"line":15,"column":16},"end":{"line":15,"column":30}},"loc":{"start":{"line":15,"column":69},"end":{"line":37,"column":null}},"line":15},"1":{"name":"(anonymous_1)","decl":{"start":{"line":18,"column":2},"end":{"line":18,"column":18}},"loc":{"start":{"line":18,"column":18},"end":{"line":26,"column":5}},"line":18},"2":{"name":"toggleTheme","decl":{"start":{"line":28,"column":11},"end":{"line":28,"column":31}},"loc":{"start":{"line":28,"column":31},"end":{"line":30,"column":null}},"line":28},"3":{"name":"(anonymous_3)","decl":{"start":{"line":29,"column":4},"end":{"line":29,"column":14}},"loc":{"start":{"line":29,"column":24},"end":{"line":29,"column":60}},"line":29},"4":{"name":"useTheme","decl":{"start":{"line":39,"column":16},"end":{"line":39,"column":45}},"loc":{"start":{"line":39,"column":45},"end":{"line":48,"column":null}},"line":39}},"branchMap":{"0":{"loc":{"start":{"line":19,"column":4},"end":{"line":25,"column":null}},"type":"if","locations":[{"start":{"line":19,"column":4},"end":{"line":25,"column":null}},{"start":{"line":22,"column":11},"end":{"line":25,"column":null}}],"line":19},"1":{"loc":{"start":{"line":29,"column":24},"end":{"line":29,"column":60}},"type":"cond-expr","locations":[{"start":{"line":29,"column":43},"end":{"line":29,"column":52}},{"start":{"line":29,"column":52},"end":{"line":29,"column":60}}],"line":29},"2":{"loc":{"start":{"line":45,"column":2},"end":{"line":45,"column":null}},"type":"if","locations":[{"start":{"line":45,"column":2},"end":{"line":45,"column":null}},{"start":{},"end":{}}],"line":45}},"s":{"0":8,"1":37,"2":37,"3":37,"4":1,"5":1,"6":36,"7":36,"8":1,"9":1,"10":37,"11":28,"12":28,"13":0,"14":28},"f":{"0":37,"1":37,"2":1,"3":1,"4":28},"b":{"0":[1,36],"1":[1,0],"2":[0,28]},"meta":{"lastBranch":3,"lastFunction":5,"lastStatement":15,"seen":{"s:13:21:13:Infinity":0,"f:15:16:15:30":0,"s:16:28:16:Infinity":1,"s:18:2:26:Infinity":2,"f:18:2:18:18":1,"b:19:4:25:Infinity:22:11:25:Infinity":0,"s:19:4:25:Infinity":3,"s:20:6:20:Infinity":4,"s:21:6:21:Infinity":5,"s:23:6:23:Infinity":6,"s:24:6:24:Infinity":7,"f:28:11:28:31":2,"s:29:4:29:Infinity":8,"f:29:4:29:14":3,"s:29:24:29:60":9,"b:29:43:29:52:29:52:29:60":1,"s:32:2:35:Infinity":10,"f:39:16:39:45":4,"s:40:18:40:Infinity":11,"b:45:2:45:Infinity:undefined:undefined:undefined:undefined":2,"s:45:2:45:Infinity":12,"s:45:16:45:Infinity":13,"s:47:2:47:Infinity":14},"fnNames":{}}}
,"C:\\Users\\dhars\\OneDrive\\Desktop\\training assessment\\react\\session4\\src\\hooks\\useCounter.ts": {"path":"C:\\Users\\dhars\\OneDrive\\Desktop\\training assessment\\react\\session4\\src\\hooks\\useCounter.ts","statementMap":{"0":{"start":{"line":23,"column":28},"end":{"line":23,"column":null}},"1":{"start":{"line":26,"column":4},"end":{"line":26,"column":null}},"2":{"start":{"line":26,"column":23},"end":{"line":26,"column":49}},"3":{"start":{"line":30,"column":4},"end":{"line":30,"column":null}},"4":{"start":{"line":30,"column":23},"end":{"line":30,"column":49}},"5":{"start":{"line":34,"column":4},"end":{"line":34,"column":null}},"6":{"start":{"line":37,"column":2},"end":{"line":37,"column":null}}},"fnMap":{"0":{"name":"useCounter","decl":{"start":{"line":17,"column":9},"end":{"line":17,"column":20}},"loc":{"start":{"line":22,"column":45},"end":{"line":38,"column":null}},"line":22},"1":{"name":"increment","decl":{"start":{"line":25,"column":11},"end":{"line":25,"column":29}},"loc":{"start":{"line":25,"column":29},"end":{"line":27,"column":null}},"line":25},"2":{"name":"(anonymous_2)","decl":{"start":{"line":26,"column":4},"end":{"line":26,"column":14}},"loc":{"start":{"line":26,"column":23},"end":{"line":26,"column":49}},"line":26},"3":{"name":"decrement","decl":{"start":{"line":29,"column":11},"end":{"line":29,"column":29}},"loc":{"start":{"line":29,"column":29},"end":{"line":31,"column":null}},"line":29},"4":{"name":"(anonymous_4)","decl":{"start":{"line":30,"column":4},"end":{"line":30,"column":14}},"loc":{"start":{"line":30,"column":23},"end":{"line":30,"column":49}},"line":30},"5":{"name":"reset","decl":{"start":{"line":33,"column":11},"end":{"line":33,"column":25}},"loc":{"start":{"line":33,"column":25},"end":{"line":35,"column":null}},"line":33}},"branchMap":{"0":{"loc":{"start":{"line":17,"column":20},"end":{"line":22,"column":45}},"type":"default-arg","locations":[{"start":{"line":22,"column":23},"end":{"line":22,"column":45}}],"line":17},"1":{"loc":{"start":{"line":18,"column":2},"end":{"line":18,"column":null}},"type":"default-arg","locations":[{"start":{"line":18,"column":12},"end":{"line":18,"column":null}}],"line":18},"2":{"loc":{"start":{"line":19,"column":2},"end":{"line":19,"column":null}},"type":"default-arg","locations":[{"start":{"line":19,"column":8},"end":{"line":19,"column":null}}],"line":19},"3":{"loc":{"start":{"line":20,"column":2},"end":{"line":20,"column":null}},"type":"default-arg","locations":[{"start":{"line":20,"column":8},"end":{"line":20,"column":null}}],"line":20},"4":{"loc":{"start":{"line":21,"column":2},"end":{"line":21,"column":null}},"type":"default-arg","locations":[{"start":{"line":21,"column":9},"end":{"line":21,"column":null}}],"line":21}},"s":{"0":8,"1":3,"2":3,"3":1,"4":1,"5":1,"6":8},"f":{"0":8,"1":3,"2":3,"3":1,"4":1,"5":1},"b":{"0":[8],"1":[8],"2":[8],"3":[8],"4":[8]},"meta":{"lastBranch":5,"lastFunction":6,"lastStatement":7,"seen":{"f:17:9:17:20":0,"b:22:23:22:45":0,"b:18:12:18:Infinity":1,"b:19:8:19:Infinity":2,"b:20:8:20:Infinity":3,"b:21:9:21:Infinity":4,"s:23:28:23:Infinity":0,"f:25:11:25:29":1,"s:26:4:26:Infinity":1,"f:26:4:26:14":2,"s:26:23:26:49":2,"f:29:11:29:29":3,"s:30:4:30:Infinity":3,"f:30:4:30:14":4,"s:30:23:30:49":4,"f:33:11:33:25":5,"s:34:4:34:Infinity":5,"s:37:2:37:Infinity":6},"fnNames":{}}}
,"C:\\Users\\dhars\\OneDrive\\Desktop\\training assessment\\react\\session4\\src\\hooks\\useInternForm.ts": {"path":"C:\\Users\\dhars\\OneDrive\\Desktop\\training assessment\\react\\session4\\src\\hooks\\useInternForm.ts","statementMap":{"0":{"start":{"line":31,"column":37},"end":{"line":36,"column":null}},"1":{"start":{"line":42,"column":26},"end":{"line":42,"column":null}},"2":{"start":{"line":44,"column":28},"end":{"line":44,"column":null}},"3":{"start":{"line":49,"column":34},"end":{"line":49,"column":null}},"4":{"start":{"line":51,"column":4},"end":{"line":59,"column":null}},"5":{"start":{"line":51,"column":23},"end":{"line":59,"column":6}},"6":{"start":{"line":60,"column":4},"end":{"line":60,"column":null}},"7":{"start":{"line":64,"column":4},"end":{"line":64,"column":null}},"8":{"start":{"line":65,"column":4},"end":{"line":65,"column":null}},"9":{"start":{"line":69,"column":25},"end":{"line":69,"column":null}},"10":{"start":{"line":70,"column":28},"end":{"line":70,"column":null}},"11":{"start":{"line":72,"column":4},"end":{"line":75,"column":null}},"12":{"start":{"line":73,"column":6},"end":{"line":73,"column":null}},"13":{"start":{"line":74,"column":6},"end":{"line":74,"column":null}},"14":{"start":{"line":77,"column":4},"end":{"line":83,"column":null}},"15":{"start":{"line":85,"column":4},"end":{"line":85,"column":null}},"16":{"start":{"line":87,"column":4},"end":{"line":87,"column":null}},"17":{"start":{"line":89,"column":4},"end":{"line":89,"column":null}},"18":{"start":{"line":92,"column":2},"end":{"line":98,"column":null}}},"fnMap":{"0":{"name":"useInternForm","decl":{"start":{"line":38,"column":9},"end":{"line":38,"column":null}},"loc":{"start":{"line":41,"column":23},"end":{"line":99,"column":null}},"line":41},"1":{"name":"handleChange","decl":{"start":{"line":46,"column":11},"end":{"line":46,"column":null}},"loc":{"start":{"line":48,"column":4},"end":{"line":61,"column":null}},"line":48},"2":{"name":"(anonymous_2)","decl":{"start":{"line":51,"column":4},"end":{"line":51,"column":13}},"loc":{"start":{"line":51,"column":23},"end":{"line":59,"column":6}},"line":51},"3":{"name":"handleReset","decl":{"start":{"line":63,"column":11},"end":{"line":63,"column":25}},"loc":{"start":{"line":63,"column":25},"end":{"line":66,"column":null}},"line":63},"4":{"name":"submit","decl":{"start":{"line":68,"column":11},"end":{"line":68,"column":20}},"loc":{"start":{"line":68,"column":20},"end":{"line":90,"column":null}},"line":68}},"branchMap":{"0":{"loc":{"start":{"line":40,"column":2},"end":{"line":40,"column":null}},"type":"default-arg","locations":[{"start":{"line":40,"column":29},"end":{"line":40,"column":null}}],"line":40},"1":{"loc":{"start":{"line":54,"column":8},"end":{"line":58,"column":null}},"type":"cond-expr","locations":[{"start":{"line":55,"column":13},"end":{"line":55,"column":null}},{"start":{"line":56,"column":12},"end":{"line":58,"column":null}}],"line":54},"2":{"loc":{"start":{"line":56,"column":12},"end":{"line":58,"column":null}},"type":"cond-expr","locations":[{"start":{"line":57,"column":15},"end":{"line":57,"column":null}},{"start":{"line":58,"column":14},"end":{"line":58,"column":null}}],"line":56},"3":{"loc":{"start":{"line":57,"column":15},"end":{"line":57,"column":null}},"type":"cond-expr","locations":[{"start":{"line":57,"column":30},"end":{"line":57,"column":35}},{"start":{"line":57,"column":35},"end":{"line":57,"column":null}}],"line":57},"4":{"loc":{"start":{"line":69,"column":25},"end":{"line":69,"column":null}},"type":"cond-expr","locations":[{"start":{"line":69,"column":45},"end":{"line":69,"column":49}},{"start":{"line":69,"column":49},"end":{"line":69,"column":null}}],"line":69},"5":{"loc":{"start":{"line":72,"column":4},"end":{"line":75,"column":null}},"type":"if","locations":[{"start":{"line":72,"column":4},"end":{"line":75,"column":null}},{"start":{},"end":{}}],"line":72}},"s":{"0":4,"1":68,"2":68,"3":42,"4":42,"5":42,"6":42,"7":1,"8":1,"9":14,"10":14,"11":14,"12":9,"13":9,"14":5,"15":5,"16":5,"17":5,"18":68},"f":{"0":68,"1":42,"2":42,"3":1,"4":14},"b":{"0":[68],"1":[0,42],"2":[12,30],"3":[0,12],"4":[7,7],"5":[9,5]},"meta":{"lastBranch":6,"lastFunction":5,"lastStatement":19,"seen":{"s:31:37:36:Infinity":0,"f:38:9:38:Infinity":0,"b:40:29:40:Infinity":0,"s:42:26:42:Infinity":1,"s:44:28:44:Infinity":2,"f:46:11:46:Infinity":1,"s:49:34:49:Infinity":3,"s:51:4:59:Infinity":4,"f:51:4:51:13":2,"s:51:23:59:6":5,"b:55:13:55:Infinity:56:12:58:Infinity":1,"b:57:15:57:Infinity:58:14:58:Infinity":2,"b:57:30:57:35:57:35:57:Infinity":3,"s:60:4:60:Infinity":6,"f:63:11:63:25":3,"s:64:4:64:Infinity":7,"s:65:4:65:Infinity":8,"f:68:11:68:20":4,"s:69:25:69:Infinity":9,"b:69:45:69:49:69:49:69:Infinity":4,"s:70:28:70:Infinity":10,"b:72:4:75:Infinity:undefined:undefined:undefined:undefined":5,"s:72:4:75:Infinity":11,"s:73:6:73:Infinity":12,"s:74:6:74:Infinity":13,"s:77:4:83:Infinity":14,"s:85:4:85:Infinity":15,"s:87:4:87:Infinity":16,"s:89:4:89:Infinity":17,"s:92:2:98:Infinity":18},"fnNames":{}}}
,"C:\\Users\\dhars\\OneDrive\\Desktop\\training assessment\\react\\session4\\src\\hooks\\useInternSearch.ts": {"path":"C:\\Users\\dhars\\OneDrive\\Desktop\\training assessment\\react\\session4\\src\\hooks\\useInternSearch.ts","statementMap":{"0":{"start":{"line":27,"column":30},"end":{"line":27,"column":null}},"1":{"start":{"line":29,"column":19},"end":{"line":32,"column":null}},"2":{"start":{"line":30,"column":10},"end":{"line":30,"column":null}},"3":{"start":{"line":34,"column":16},"end":{"line":47,"column":null}},"4":{"start":{"line":35,"column":11},"end":{"line":45,"column":null}},"5":{"start":{"line":37,"column":37},"end":{"line":37,"column":48}},"6":{"start":{"line":41,"column":46},"end":{"line":41,"column":66}},"7":{"start":{"line":49,"column":2},"end":{"line":54,"column":null}}},"fnMap":{"0":{"name":"useInternSearch","decl":{"start":{"line":23,"column":9},"end":{"line":23,"column":null}},"loc":{"start":{"line":26,"column":25},"end":{"line":55,"column":null}},"line":26},"1":{"name":"(anonymous_1)","decl":{"start":{"line":29,"column":19},"end":{"line":29,"column":null}},"loc":{"start":{"line":30,"column":10},"end":{"line":30,"column":null}},"line":30},"2":{"name":"(anonymous_2)","decl":{"start":{"line":34,"column":16},"end":{"line":34,"column":null}},"loc":{"start":{"line":35,"column":11},"end":{"line":45,"column":null}},"line":35},"3":{"name":"(anonymous_3)","decl":{"start":{"line":37,"column":23},"end":{"line":37,"column":31}},"loc":{"start":{"line":37,"column":37},"end":{"line":37,"column":48}},"line":37},"4":{"name":"(anonymous_4)","decl":{"start":{"line":41,"column":22},"end":{"line":41,"column":30}},"loc":{"start":{"line":41,"column":46},"end":{"line":41,"column":66}},"line":41}},"branchMap":{"0":{"loc":{"start":{"line":25,"column":2},"end":{"line":25,"column":null}},"type":"default-arg","locations":[{"start":{"line":25,"column":33},"end":{"line":25,"column":null}}],"line":25},"1":{"loc":{"start":{"line":39,"column":8},"end":{"line":44,"column":null}},"type":"cond-expr","locations":[{"start":{"line":40,"column":12},"end":{"line":43,"column":null}},{"start":{"line":44,"column":12},"end":{"line":44,"column":null}}],"line":39}},"s":{"0":1,"1":1,"2":1,"3":1,"4":1,"5":2,"6":2,"7":1},"f":{"0":1,"1":1,"2":1,"3":2,"4":2},"b":{"0":[1],"1":[1,0]},"meta":{"lastBranch":2,"lastFunction":5,"lastStatement":8,"seen":{"f:23:9:23:Infinity":0,"b:25:33:25:Infinity":0,"s:27:30:27:Infinity":0,"s:29:19:32:Infinity":1,"f:29:19:29:Infinity":1,"s:30:10:30:Infinity":2,"s:34:16:47:Infinity":3,"f:34:16:34:Infinity":2,"s:35:11:45:Infinity":4,"f:37:23:37:31":3,"s:37:37:37:48":5,"b:40:12:43:Infinity:44:12:44:Infinity":1,"f:41:22:41:30":4,"s:41:46:41:66":6,"s:49:2:54:Infinity":7},"fnNames":{}}}
,"C:\\Users\\dhars\\OneDrive\\Desktop\\training assessment\\react\\session4\\src\\repositories\\intern-repository.ts": {"path":"C:\\Users\\dhars\\OneDrive\\Desktop\\training assessment\\react\\session4\\src\\repositories\\intern-repository.ts","statementMap":{"0":{"start":{"line":4,"column":34},"end":{"line":9,"column":null}},"1":{"start":{"line":12,"column":32},"end":{"line":12,"column":null}},"2":{"start":{"line":14,"column":8},"end":{"line":14,"column":null}},"3":{"start":{"line":14,"column":40},"end":{"line":14,"column":null}},"4":{"start":{"line":14,"column":61},"end":{"line":14,"column":78}},"5":{"start":{"line":16,"column":8},"end":{"line":17,"column":null}},"6":{"start":{"line":17,"column":4},"end":{"line":17,"column":null}},"7":{"start":{"line":17,"column":25},"end":{"line":17,"column":56}},"8":{"start":{"line":17,"column":44},"end":{"line":17,"column":55}},"9":{"start":{"line":19,"column":8},"end":{"line":20,"column":null}},"10":{"start":{"line":20,"column":4},"end":{"line":20,"column":null}},"11":{"start":{"line":20,"column":25},"end":{"line":20,"column":75}},"12":{"start":{"line":20,"column":42},"end":{"line":20,"column":74}},"13":{"start":{"line":22,"column":2},"end":{"line":22,"column":null}}},"fnMap":{"0":{"name":"useInternRepository","decl":{"start":{"line":11,"column":16},"end":{"line":11,"column":36}},"loc":{"start":{"line":11,"column":65},"end":{"line":23,"column":null}},"line":11},"1":{"name":"(anonymous_1)","decl":{"start":{"line":14,"column":8},"end":{"line":14,"column":15}},"loc":{"start":{"line":14,"column":40},"end":{"line":14,"column":null}},"line":14},"2":{"name":"(anonymous_2)","decl":{"start":{"line":14,"column":40},"end":{"line":14,"column":52}},"loc":{"start":{"line":14,"column":61},"end":{"line":14,"column":78}},"line":14},"3":{"name":"(anonymous_3)","decl":{"start":{"line":16,"column":8},"end":{"line":16,"column":18}},"loc":{"start":{"line":17,"column":4},"end":{"line":17,"column":null}},"line":17},"4":{"name":"(anonymous_4)","decl":{"start":{"line":17,"column":4},"end":{"line":17,"column":16}},"loc":{"start":{"line":17,"column":25},"end":{"line":17,"column":56}},"line":17},"5":{"name":"(anonymous_5)","decl":{"start":{"line":17,"column":30},"end":{"line":17,"column":38}},"loc":{"start":{"line":17,"column":44},"end":{"line":17,"column":55}},"line":17},"6":{"name":"(anonymous_6)","decl":{"start":{"line":19,"column":8},"end":{"line":19,"column":18}},"loc":{"start":{"line":20,"column":4},"end":{"line":20,"column":null}},"line":20},"7":{"name":"(anonymous_7)","decl":{"start":{"line":20,"column":4},"end":{"line":20,"column":16}},"loc":{"start":{"line":20,"column":25},"end":{"line":20,"column":75}},"line":20},"8":{"name":"(anonymous_8)","decl":{"start":{"line":20,"column":30},"end":{"line":20,"column":35}},"loc":{"start":{"line":20,"column":42},"end":{"line":20,"column":74}},"line":20}},"branchMap":{"0":{"loc":{"start":{"line":11,"column":36},"end":{"line":11,"column":65}},"type":"default-arg","locations":[{"start":{"line":11,"column":61},"end":{"line":11,"column":65}}],"line":11},"1":{"loc":{"start":{"line":20,"column":42},"end":{"line":20,"column":74}},"type":"cond-expr","locations":[{"start":{"line":20,"column":63},"end":{"line":20,"column":72}},{"start":{"line":20,"column":72},"end":{"line":20,"column":74}}],"line":20}},"s":{"0":12,"1":55,"2":55,"3":10,"4":10,"5":55,"6":2,"7":2,"8":3,"9":55,"10":2,"11":2,"12":3,"13":55},"f":{"0":55,"1":10,"2":10,"3":2,"4":2,"5":3,"6":2,"7":2,"8":3},"b":{"0":[55],"1":[2,1]},"meta":{"lastBranch":2,"lastFunction":9,"lastStatement":14,"seen":{"s:4:34:9:Infinity":0,"f:11:16:11:36":0,"b:11:61:11:65":0,"s:12:32:12:Infinity":1,"s:14:8:14:Infinity":2,"f:14:8:14:15":1,"s:14:40:14:Infinity":3,"f:14:40:14:52":2,"s:14:61:14:78":4,"s:16:8:17:Infinity":5,"f:16:8:16:18":3,"s:17:4:17:Infinity":6,"f:17:4:17:16":4,"s:17:25:17:56":7,"f:17:30:17:38":5,"s:17:44:17:55":8,"s:19:8:20:Infinity":9,"f:19:8:19:18":6,"s:20:4:20:Infinity":10,"f:20:4:20:16":7,"s:20:25:20:75":11,"f:20:30:20:35":8,"s:20:42:20:74":12,"b:20:63:20:72:20:72:20:74":1,"s:22:2:22:Infinity":13},"fnNames":{}}}
,"C:\\Users\\dhars\\OneDrive\\Desktop\\training assessment\\react\\session4\\src\\services\\intern-service.ts": {"path":"C:\\Users\\dhars\\OneDrive\\Desktop\\training assessment\\react\\session4\\src\\services\\intern-service.ts","statementMap":{"0":{"start":{"line":8,"column":2},"end":{"line":14,"column":null}},"1":{"start":{"line":24,"column":2},"end":{"line":30,"column":null}},"2":{"start":{"line":25,"column":4},"end":{"line":25,"column":null}},"3":{"start":{"line":26,"column":4},"end":{"line":26,"column":null}},"4":{"start":{"line":28,"column":4},"end":{"line":28,"column":null}},"5":{"start":{"line":29,"column":4},"end":{"line":29,"column":null}},"6":{"start":{"line":32,"column":2},"end":{"line":34,"column":null}},"7":{"start":{"line":33,"column":4},"end":{"line":33,"column":null}},"8":{"start":{"line":36,"column":2},"end":{"line":38,"column":null}},"9":{"start":{"line":37,"column":4},"end":{"line":37,"column":null}},"10":{"start":{"line":40,"column":2},"end":{"line":40,"column":null}},"11":{"start":{"line":44,"column":2},"end":{"line":46,"column":null}},"12":{"start":{"line":45,"column":4},"end":{"line":45,"column":null}},"13":{"start":{"line":48,"column":16},"end":{"line":48,"column":null}},"14":{"start":{"line":48,"column":48},"end":{"line":48,"column":68}},"15":{"start":{"line":50,"column":2},"end":{"line":50,"column":null}},"16":{"start":{"line":55,"column":2},"end":{"line":55,"column":null}},"17":{"start":{"line":60,"column":2},"end":{"line":62,"column":null}},"18":{"start":{"line":61,"column":4},"end":{"line":61,"column":null}},"19":{"start":{"line":64,"column":17},"end":{"line":64,"column":null}},"20":{"start":{"line":66,"column":2},"end":{"line":70,"column":null}},"21":{"start":{"line":68,"column":6},"end":{"line":69,"column":null}}},"fnMap":{"0":{"name":"createIntern","decl":{"start":{"line":4,"column":16},"end":{"line":4,"column":null}},"loc":{"start":{"line":7,"column":10},"end":{"line":15,"column":null}},"line":7},"1":{"name":"validateInternForm","decl":{"start":{"line":17,"column":16},"end":{"line":17,"column":null}},"loc":{"start":{"line":20,"column":17},"end":{"line":41,"column":null}},"line":20},"2":{"name":"calculateAverageScore","decl":{"start":{"line":43,"column":16},"end":{"line":43,"column":38}},"loc":{"start":{"line":43,"column":65},"end":{"line":51,"column":null}},"line":43},"3":{"name":"(anonymous_3)","decl":{"start":{"line":48,"column":24},"end":{"line":48,"column":32}},"loc":{"start":{"line":48,"column":48},"end":{"line":48,"column":68}},"line":48},"4":{"name":"getScoreLabel","decl":{"start":{"line":54,"column":16},"end":{"line":54,"column":30}},"loc":{"start":{"line":54,"column":62},"end":{"line":56,"column":null}},"line":54},"5":{"name":"filterInterns","decl":{"start":{"line":59,"column":16},"end":{"line":59,"column":30}},"loc":{"start":{"line":59,"column":74},"end":{"line":71,"column":null}},"line":59},"6":{"name":"(anonymous_6)","decl":{"start":{"line":66,"column":17},"end":{"line":66,"column":null}},"loc":{"start":{"line":68,"column":6},"end":{"line":69,"column":null}},"line":68}},"branchMap":{"0":{"loc":{"start":{"line":6,"column":2},"end":{"line":6,"column":null}},"type":"default-arg","locations":[{"start":{"line":6,"column":29},"end":{"line":6,"column":null}}],"line":6},"1":{"loc":{"start":{"line":24,"column":2},"end":{"line":30,"column":null}},"type":"if","locations":[{"start":{"line":24,"column":2},"end":{"line":30,"column":null}},{"start":{"line":27,"column":9},"end":{"line":30,"column":null}}],"line":24},"2":{"loc":{"start":{"line":24,"column":6},"end":{"line":24,"column":61}},"type":"binary-expr","locations":[{"start":{"line":24,"column":6},"end":{"line":24,"column":40}},{"start":{"line":24,"column":40},"end":{"line":24,"column":61}}],"line":24},"3":{"loc":{"start":{"line":25,"column":11},"end":{"line":25,"column":null}},"type":"binary-expr","locations":[{"start":{"line":25,"column":11},"end":{"line":25,"column":30}},{"start":{"line":25,"column":30},"end":{"line":25,"column":null}}],"line":25},"4":{"loc":{"start":{"line":26,"column":12},"end":{"line":26,"column":null}},"type":"cond-expr","locations":[{"start":{"line":26,"column":38},"end":{"line":26,"column":42}},{"start":{"line":26,"column":42},"end":{"line":26,"column":null}}],"line":26},"5":{"loc":{"start":{"line":28,"column":11},"end":{"line":28,"column":null}},"type":"binary-expr","locations":[{"start":{"line":28,"column":11},"end":{"line":28,"column":25}},{"start":{"line":28,"column":25},"end":{"line":28,"column":null}}],"line":28},"6":{"loc":{"start":{"line":29,"column":12},"end":{"line":29,"column":null}},"type":"binary-expr","locations":[{"start":{"line":29,"column":12},"end":{"line":29,"column":24}},{"start":{"line":29,"column":24},"end":{"line":29,"column":null}}],"line":29},"7":{"loc":{"start":{"line":32,"column":2},"end":{"line":34,"column":null}},"type":"if","locations":[{"start":{"line":32,"column":2},"end":{"line":34,"column":null}},{"start":{},"end":{}}],"line":32},"8":{"loc":{"start":{"line":36,"column":2},"end":{"line":38,"column":null}},"type":"if","locations":[{"start":{"line":36,"column":2},"end":{"line":38,"column":null}},{"start":{},"end":{}}],"line":36},"9":{"loc":{"start":{"line":36,"column":6},"end":{"line":36,"column":32}},"type":"binary-expr","locations":[{"start":{"line":36,"column":6},"end":{"line":36,"column":19}},{"start":{"line":36,"column":19},"end":{"line":36,"column":32}}],"line":36},"10":{"loc":{"start":{"line":44,"column":2},"end":{"line":46,"column":null}},"type":"if","locations":[{"start":{"line":44,"column":2},"end":{"line":46,"column":null}},{"start":{},"end":{}}],"line":44},"11":{"loc":{"start":{"line":55,"column":9},"end":{"line":55,"column":null}},"type":"cond-expr","locations":[{"start":{"line":55,"column":23},"end":{"line":55,"column":32}},{"start":{"line":55,"column":32},"end":{"line":55,"column":null}}],"line":55},"12":{"loc":{"start":{"line":60,"column":2},"end":{"line":62,"column":null}},"type":"if","locations":[{"start":{"line":60,"column":2},"end":{"line":62,"column":null}},{"start":{},"end":{}}],"line":60},"13":{"loc":{"start":{"line":68,"column":6},"end":{"line":69,"column":null}},"type":"binary-expr","locations":[{"start":{"line":68,"column":6},"end":{"line":68,"column":null}},{"start":{"line":69,"column":6},"end":{"line":69,"column":null}}],"line":68}},"s":{"0":48,"1":17,"2":3,"3":3,"4":14,"5":14,"6":17,"7":8,"8":9,"9":3,"10":6,"11":44,"12":1,"13":43,"14":170,"15":43,"16":3,"17":45,"18":42,"19":3,"20":3,"21":6},"f":{"0":48,"1":17,"2":44,"3":170,"4":3,"5":45,"6":6},"b":{"0":[48],"1":[3,14],"2":[17,3],"3":[3,1],"4":[0,3],"5":[14,7],"6":[14,0],"7":[8,9],"8":[3,6],"9":[9,9],"10":[1,43],"11":[2,1],"12":[42,3],"13":[6,5]},"meta":{"lastBranch":14,"lastFunction":7,"lastStatement":22,"seen":{"f:4:16:4:Infinity":0,"b:6:29:6:Infinity":0,"s:8:2:14:Infinity":0,"f:17:16:17:Infinity":1,"b:24:2:30:Infinity:27:9:30:Infinity":1,"s:24:2:30:Infinity":1,"b:24:6:24:40:24:40:24:61":2,"s:25:4:25:Infinity":2,"b:25:11:25:30:25:30:25:Infinity":3,"s:26:4:26:Infinity":3,"b:26:38:26:42:26:42:26:Infinity":4,"s:28:4:28:Infinity":4,"b:28:11:28:25:28:25:28:Infinity":5,"s:29:4:29:Infinity":5,"b:29:12:29:24:29:24:29:Infinity":6,"b:32:2:34:Infinity:undefined:undefined:undefined:undefined":7,"s:32:2:34:Infinity":6,"s:33:4:33:Infinity":7,"b:36:2:38:Infinity:undefined:undefined:undefined:undefined":8,"s:36:2:38:Infinity":8,"b:36:6:36:19:36:19:36:32":9,"s:37:4:37:Infinity":9,"s:40:2:40:Infinity":10,"f:43:16:43:38":2,"b:44:2:46:Infinity:undefined:undefined:undefined:undefined":10,"s:44:2:46:Infinity":11,"s:45:4:45:Infinity":12,"s:48:16:48:Infinity":13,"f:48:24:48:32":3,"s:48:48:48:68":14,"s:50:2:50:Infinity":15,"f:54:16:54:30":4,"s:55:2:55:Infinity":16,"b:55:23:55:32:55:32:55:Infinity":11,"f:59:16:59:30":5,"b:60:2:62:Infinity:undefined:undefined:undefined:undefined":12,"s:60:2:62:Infinity":17,"s:61:4:61:Infinity":18,"s:64:17:64:Infinity":19,"s:66:2:70:Infinity":20,"f:66:17:66:Infinity":6,"s:68:6:69:Infinity":21,"b:68:6:68:Infinity:69:6:69:Infinity":13},"fnNames":{}}}
,"C:\\Users\\dhars\\OneDrive\\Desktop\\training assessment\\react\\session4\\src\\test\\test-utils.tsx": {"path":"C:\\Users\\dhars\\OneDrive\\Desktop\\training assessment\\react\\session4\\src\\test\\test-utils.tsx","statementMap":{"0":{"start":{"line":7,"column":2},"end":{"line":10,"column":null}},"1":{"start":{"line":15,"column":2},"end":{"line":18,"column":null}}},"fnMap":{"0":{"name":"AllProviders","decl":{"start":{"line":6,"column":9},"end":{"line":6,"column":22}},"loc":{"start":{"line":6,"column":61},"end":{"line":12,"column":null}},"line":6},"1":{"name":"customRender","decl":{"start":{"line":14,"column":9},"end":{"line":14,"column":22}},"loc":{"start":{"line":14,"column":71},"end":{"line":19,"column":null}},"line":14}},"branchMap":{},"s":{"0":35,"1":35},"f":{"0":35,"1":35},"b":{},"meta":{"lastBranch":0,"lastFunction":2,"lastStatement":2,"seen":{"f:6:9:6:22":0,"s:7:2:10:Infinity":0,"f:14:9:14:22":1,"s:15:2:18:Infinity":1},"fnNames":{}}}
,"C:\\Users\\dhars\\OneDrive\\Desktop\\training assessment\\react\\session4\\src\\utils\\generate-id.ts": {"path":"C:\\Users\\dhars\\OneDrive\\Desktop\\training assessment\\react\\session4\\src\\utils\\generate-id.ts","statementMap":{"0":{"start":{"line":7,"column":2},"end":{"line":7,"column":null}}},"fnMap":{"0":{"name":"generateInternId","decl":{"start":{"line":3,"column":16},"end":{"line":3,"column":null}},"loc":{"start":{"line":6,"column":10},"end":{"line":8,"column":null}},"line":6}},"branchMap":{"0":{"loc":{"start":{"line":4,"column":2},"end":{"line":4,"column":null}},"type":"default-arg","locations":[{"start":{"line":4,"column":22},"end":{"line":4,"column":null}}],"line":4},"1":{"loc":{"start":{"line":5,"column":2},"end":{"line":5,"column":null}},"type":"default-arg","locations":[{"start":{"line":5,"column":25},"end":{"line":5,"column":null}}],"line":5}},"s":{"0":3},"f":{"0":3},"b":{"0":[3],"1":[3]},"meta":{"lastBranch":2,"lastFunction":1,"lastStatement":1,"seen":{"f:3:16:3:Infinity":0,"b:4:22:4:Infinity":0,"b:5:25:5:Infinity":1,"s:7:2:7:Infinity":0},"fnNames":{}}}
,"C:\\Users\\dhars\\OneDrive\\Desktop\\training assessment\\react\\session4\\src\\utils\\intern-request.ts": {"path":"C:\\Users\\dhars\\OneDrive\\Desktop\\training assessment\\react\\session4\\src\\utils\\intern-request.ts","statementMap":{"0":{"start":{"line":10,"column":2},"end":{"line":19,"column":null}}},"fnMap":{"0":{"name":"prepareInternRequest","decl":{"start":{"line":9,"column":16},"end":{"line":9,"column":37}},"loc":{"start":{"line":9,"column":60},"end":{"line":20,"column":null}},"line":9}},"branchMap":{},"s":{"0":1},"f":{"0":1},"b":{},"meta":{"lastBranch":0,"lastFunction":1,"lastStatement":1,"seen":{"f:9:16:9:37":0,"s:10:2:19:Infinity":0},"fnNames":{}}}
,"C:\\Users\\dhars\\OneDrive\\Desktop\\training assessment\\react\\session4\\src\\utils\\intern-utils.ts": {"path":"C:\\Users\\dhars\\OneDrive\\Desktop\\training assessment\\react\\session4\\src\\utils\\intern-utils.ts","statementMap":{"0":{"start":{"line":11,"column":2},"end":{"line":15,"column":null}},"1":{"start":{"line":13,"column":6},"end":{"line":14,"column":null}}},"fnMap":{"0":{"name":"filterInterns","decl":{"start":{"line":10,"column":16},"end":{"line":10,"column":30}},"loc":{"start":{"line":10,"column":79},"end":{"line":16,"column":null}},"line":10},"1":{"name":"(anonymous_1)","decl":{"start":{"line":11,"column":17},"end":{"line":11,"column":null}},"loc":{"start":{"line":13,"column":6},"end":{"line":14,"column":null}},"line":13}},"branchMap":{"0":{"loc":{"start":{"line":13,"column":6},"end":{"line":14,"column":null}},"type":"binary-expr","locations":[{"start":{"line":13,"column":6},"end":{"line":13,"column":null}},{"start":{"line":14,"column":6},"end":{"line":14,"column":null}}],"line":13}},"s":{"0":6,"1":18},"f":{"0":6,"1":18},"b":{"0":[18,13]},"meta":{"lastBranch":1,"lastFunction":2,"lastStatement":2,"seen":{"f:10:16:10:30":0,"s:11:2:15:Infinity":0,"f:11:17:11:Infinity":1,"s:13:6:14:Infinity":1,"b:13:6:13:Infinity:14:6:14:Infinity":0},"fnNames":{}}}
,"C:\\Users\\dhars\\OneDrive\\Desktop\\training assessment\\react\\session4\\src\\utils\\intern-validation.ts": {"path":"C:\\Users\\dhars\\OneDrive\\Desktop\\training assessment\\react\\session4\\src\\utils\\intern-validation.ts","statementMap":{"0":{"start":{"line":3,"column":2},"end":{"line":5,"column":null}},"1":{"start":{"line":4,"column":4},"end":{"line":4,"column":null}},"2":{"start":{"line":7,"column":2},"end":{"line":9,"column":null}},"3":{"start":{"line":8,"column":4},"end":{"line":8,"column":null}},"4":{"start":{"line":11,"column":2},"end":{"line":11,"column":null}}},"fnMap":{"0":{"name":"validateInternForm","decl":{"start":{"line":2,"column":16},"end":{"line":2,"column":35}},"loc":{"start":{"line":2,"column":79},"end":{"line":12,"column":null}},"line":2}},"branchMap":{"0":{"loc":{"start":{"line":3,"column":2},"end":{"line":5,"column":null}},"type":"if","locations":[{"start":{"line":3,"column":2},"end":{"line":5,"column":null}},{"start":{},"end":{}}],"line":3},"1":{"loc":{"start":{"line":7,"column":2},"end":{"line":9,"column":null}},"type":"if","locations":[{"start":{"line":7,"column":2},"end":{"line":9,"column":null}},{"start":{},"end":{}}],"line":7},"2":{"loc":{"start":{"line":7,"column":6},"end":{"line":7,"column":32}},"type":"binary-expr","locations":[{"start":{"line":7,"column":6},"end":{"line":7,"column":19}},{"start":{"line":7,"column":19},"end":{"line":7,"column":32}}],"line":7}},"s":{"0":10,"1":3,"2":7,"3":3,"4":4},"f":{"0":10},"b":{"0":[3,7],"1":[3,4],"2":[7,6]},"meta":{"lastBranch":3,"lastFunction":1,"lastStatement":5,"seen":{"f:2:16:2:35":0,"b:3:2:5:Infinity:undefined:undefined:undefined:undefined":0,"s:3:2:5:Infinity":0,"s:4:4:4:Infinity":1,"b:7:2:9:Infinity:undefined:undefined:undefined:undefined":1,"s:7:2:9:Infinity":2,"b:7:6:7:19:7:19:7:32":2,"s:8:4:8:Infinity":3,"s:11:2:11:Infinity":4},"fnNames":{}}}
}
